{"total": {"lines":{"total":92,"covered":92,"skipped":0,"pct":100},"statements":{"total":101,"covered":101,"skipped":0,"pct":100},"functions":{"total":32,"covered":32,"skipped":0,"pct":100},"branches":{"total":24,"covered":24,"skipped":0,"pct":100},"branchesTrue":{"total":0,"covered":0,"skipped":0,"pct":100}}
,"/home/cassid/Trybe/trybe-exercices/Back-End/Bloco-30-MongoDB-com-Node-e-POO/dias-1-e-2-mongoose-e-arquitetura-de-camadas-Model-Service-Controller/guia-mongodb-com-nodejs-e-poo/src/controllers/Frame.ts": {"lines":{"total":16,"covered":16,"skipped":0,"pct":100},"functions":{"total":6,"covered":6,"skipped":0,"pct":100},"statements":{"total":16,"covered":16,"skipped":0,"pct":100},"branches":{"total":0,"covered":0,"skipped":0,"pct":100}}
,"/home/cassid/Trybe/trybe-exercices/Back-End/Bloco-30-MongoDB-com-Node-e-POO/dias-1-e-2-mongoose-e-arquitetura-de-camadas-Model-Service-Controller/guia-mongodb-com-nodejs-e-poo/src/controllers/Lens.ts": {"lines":{"total":16,"covered":16,"skipped":0,"pct":100},"functions":{"total":6,"covered":6,"skipped":0,"pct":100},"statements":{"total":16,"covered":16,"skipped":0,"pct":100},"branches":{"total":0,"covered":0,"skipped":0,"pct":100}}
,"/home/cassid/Trybe/trybe-exercices/Back-End/Bloco-30-MongoDB-com-Node-e-POO/dias-1-e-2-mongoose-e-arquitetura-de-camadas-Model-Service-Controller/guia-mongodb-com-nodejs-e-poo/src/models/Frame.ts": {"lines":{"total":5,"covered":5,"skipped":0,"pct":100},"functions":{"total":1,"covered":1,"skipped":0,"pct":100},"statements":{"total":5,"covered":5,"skipped":0,"pct":100},"branches":{"total":1,"covered":1,"skipped":0,"pct":100}}
,"/home/cassid/Trybe/trybe-exercices/Back-End/Bloco-30-MongoDB-com-Node-e-POO/dias-1-e-2-mongoose-e-arquitetura-de-camadas-Model-Service-Controller/guia-mongodb-com-nodejs-e-poo/src/models/Lens.ts": {"lines":{"total":5,"covered":5,"skipped":0,"pct":100},"functions":{"total":1,"covered":1,"skipped":0,"pct":100},"statements":{"total":5,"covered":5,"skipped":0,"pct":100},"branches":{"total":1,"covered":1,"skipped":0,"pct":100}}
,"/home/cassid/Trybe/trybe-exercices/Back-End/Bloco-30-MongoDB-com-Node-e-POO/dias-1-e-2-mongoose-e-arquitetura-de-camadas-Model-Service-Controller/guia-mongodb-com-nodejs-e-poo/src/models/MongoModel.ts": {"lines":{"total":12,"covered":12,"skipped":0,"pct":100},"functions":{"total":6,"covered":6,"skipped":0,"pct":100},"statements":{"total":15,"covered":15,"skipped":0,"pct":100},"branches":{"total":6,"covered":6,"skipped":0,"pct":100}}
,"/home/cassid/Trybe/trybe-exercices/Back-End/Bloco-30-MongoDB-com-Node-e-POO/dias-1-e-2-mongoose-e-arquitetura-de-camadas-Model-Service-Controller/guia-mongodb-com-nodejs-e-poo/src/services/Frame.ts": {"lines":{"total":19,"covered":19,"skipped":0,"pct":100},"functions":{"total":6,"covered":6,"skipped":0,"pct":100},"statements":{"total":22,"covered":22,"skipped":0,"pct":100},"branches":{"total":8,"covered":8,"skipped":0,"pct":100}}
,"/home/cassid/Trybe/trybe-exercices/Back-End/Bloco-30-MongoDB-com-Node-e-POO/dias-1-e-2-mongoose-e-arquitetura-de-camadas-Model-Service-Controller/guia-mongodb-com-nodejs-e-poo/src/services/Lens.ts": {"lines":{"total":19,"covered":19,"skipped":0,"pct":100},"functions":{"total":6,"covered":6,"skipped":0,"pct":100},"statements":{"total":22,"covered":22,"skipped":0,"pct":100},"branches":{"total":8,"covered":8,"skipped":0,"pct":100}}
}
